<?xml version="1.0" encoding="UTF-8"?>
<!-- Generated by org.testng.reporters.JUnitReportReporter -->
<testsuite hostname="DESKTOP-EVK9GMC" failures="0" tests="1" name="testng.Testcase3" time="11.414" errors="0" timestamp="2021-03-21T10:19:41 IST" skipped="0">
  <testcase classname="testng.Testcase3" name="getstarted" time="11.414"/>
</testsuite> <!-- testng.Testcase3 -->
