<?xml version="1.0" encoding="UTF-8"?>
<!-- Generated by org.testng.reporters.JUnitReportReporter -->
<testsuite hostname="DESKTOP-EVK9GMC" failures="0" tests="1" name="testng.Testcase2" time="12.565" errors="0" timestamp="2021-03-21T10:16:23 IST" skipped="0">
  <testcase classname="testng.Testcase2" name="forgotPassword" time="12.565"/>
</testsuite> <!-- testng.Testcase2 -->
