<?xml version="1.0" encoding="UTF-8"?>
<!-- Generated by org.testng.reporters.JUnitReportReporter -->
<testsuite hostname="DESKTOP-EVK9GMC" failures="0" tests="5" name="testng.Test1" time="0.049" errors="0" timestamp="2021-03-20T10:31:20 IST" skipped="1">
  <testcase classname="testng.Test1" name="calls" time="0.030"/>
  <testcase classname="testng.Test1" name="calls" time="0.008"/>
  <testcase classname="testng.Test1" name="chats" time="0.006"/>
  <testcase classname="testng.Test1" name="calls" time="0.005"/>
  <testcase classname="testng.Test1" name="block">
    <skipped/>
  </testcase> <!-- block -->
</testsuite> <!-- testng.Test1 -->
