<?xml version="1.0" encoding="UTF-8"?>
<!-- Generated by org.testng.reporters.JUnitReportReporter -->
<testsuite hostname="DESKTOP-EVK9GMC" failures="0" tests="1" name="testng.Test0" time="0.028" errors="0" timestamp="2021-03-20T10:14:10 IST" skipped="0">
  <testcase classname="testng.Test0" name="demo" time="0.028"/>
</testsuite> <!-- testng.Test0 -->
